youtube D3G_gQtkO4w
youtube 6qqOTRAZ68U
youtube TloRVI6jSIk
youtube DP8aO6_Reu4
youtube yE76rOPOBgs
youtube PV4f3pzMXTI
youtube tEXl3B70o3g
youtube mwsRI3Mqdyg
youtube _P5enHcfu1A
youtube 0mYxGa5yXnI
youtube 68HgQpbOeSk
youtube GRD_84yRoNo
youtube 6usuUyqhyRw
youtube hk4lzxYoVmE
youtube EfDgY9hkBvM
youtube coj0wsUTFq4
youtube KUY9_gi7lD4
youtube mxM9TZMfQts
youtube liFvABIxNX4
youtube OuW2K2tUXgc
youtube k4r7izNE9Fk
youtube GXsMgo_EeG4
youtube UifD86zbtUE
youtube RQ-TZnWCDn0
youtube rL--NvtSWqc
youtube PmrYaNiI2S4
youtube 6Lb57l60VW0
youtube 7bI1t6EvVVM
youtube 9kaudT9gqXA
youtube MR8koYRQtUw
youtube 4scEGae5xb4
youtube pJsA6nFwHbk
youtube U2YTyKitrws
youtube AuPNrXwdp64
youtube d1gkD3uRpkk
youtube AeJsvFOvV8Y
youtube Wfi2vLHGn0o
youtube JAd11QNFFWg
youtube 3a1_KrhlP50
youtube mZx7aoJOKO8
youtube q8Cvja7DBgA
youtube SDppom0c26c
youtube jhT8KiY-eqA
youtube Qyih2AgD-zg
youtube ArSMCvDl0To
youtube --TZv-hzJ7Q
youtube p6QD9PS97cY
youtube Zs78JnRqYsQ
youtube gpA2Sk5bU54
youtube tRJ11LE-Je0
youtube E03Br8Cn50Y
youtube tbNLT22Gza4
youtube 9eR0WB18itg
youtube HB9BWPflYf0
youtube t6N1o6YmSgY
youtube F_-RygyXYVQ
youtube may5mKMDb9s
youtube AqDZCltYOdQ
youtube zJc-OIFlkj4
youtube tY0AtTirsDI
youtube ZX594s3ihN4
youtube UMMNnMSjvcw
youtube pESp81iUlaI
youtube rAPPNXmNv7U
youtube YkKItQauRew
youtube vy20YkONvfI
youtube eHUtZJqvuc8
youtube otxqnkayeF4
youtube -_sC_jZ-Myw
youtube A5Tri3tLBj8
youtube 8lB6LTLo9Sg
youtube Y0BY6ZP7eZM
youtube GBLed0-7dDM
youtube aP2MYp6lanU
youtube zmcJNAOFEF8
youtube pwAwqbr0RZ8
youtube Lfd1IlcSNn4
youtube Kbt4u_Rwv4Y
youtube 6GLoN7Y4T3A
youtube pFVe23cfDq8
